[debug] [2020-10-09T06:54:12.809Z] ----------------------------------------------------------------------
[debug] [2020-10-09T06:54:12.814Z] Command:       C:\Program Files\nodejs\node.exe C:\Users\Indroneel Ray\AppData\Roaming\npm\node_modules\firebase-tools\lib\bin\firebase.js deploy
[debug] [2020-10-09T06:54:12.814Z] CLI Version:   8.11.2
[debug] [2020-10-09T06:54:12.815Z] Platform:      win32
[debug] [2020-10-09T06:54:12.815Z] Node Version:  v12.18.0
[debug] [2020-10-09T06:54:12.817Z] Time:          Fri Oct 09 2020 12:24:12 GMT+0530 (India Standard Time)
[debug] [2020-10-09T06:54:12.817Z] ----------------------------------------------------------------------
[debug] [2020-10-09T06:54:12.817Z] 
[debug] [2020-10-09T06:54:12.836Z] > command requires scopes: ["email","openid","https://www.googleapis.com/auth/cloudplatformprojects.readonly","https://www.googleapis.com/auth/firebase","https://www.googleapis.com/auth/cloud-platform"]
[debug] [2020-10-09T06:54:12.837Z] > authorizing via signed-in user
[debug] [2020-10-09T06:54:12.837Z] [iam] checking project dhruvmehta-4a574 for permissions ["firebase.projects.get","firebasehosting.sites.update"]
[debug] [2020-10-09T06:54:12.844Z] > refreshing access token with scopes: ["email","https://www.googleapis.com/auth/cloud-platform","https://www.googleapis.com/auth/cloudplatformprojects.readonly","https://www.googleapis.com/auth/firebase","openid"]
[debug] [2020-10-09T06:54:12.844Z] >>> HTTP REQUEST POST https://www.googleapis.com/oauth2/v3/token  
 <request body omitted>
[debug] [2020-10-09T06:54:13.227Z] <<< HTTP RESPONSE 200 {"expires":"Mon, 01 Jan 1990 00:00:00 GMT","pragma":"no-cache","date":"Fri, 09 Oct 2020 06:54:13 GMT","cache-control":"no-cache, no-store, max-age=0, must-revalidate","content-type":"application/json; charset=utf-8","vary":"X-Origin, Referer, Origin,Accept-Encoding","server":"scaffolding on HTTPServer2","x-xss-protection":"0","x-frame-options":"SAMEORIGIN","x-content-type-options":"nosniff","alt-svc":"h3-Q050=\":443\"; ma=2592000,h3-29=\":443\"; ma=2592000,h3-27=\":443\"; ma=2592000,h3-T051=\":443\"; ma=2592000,h3-T050=\":443\"; ma=2592000,h3-Q046=\":443\"; ma=2592000,h3-Q043=\":443\"; ma=2592000,quic=\":443\"; ma=2592000; v=\"46,43\"","accept-ranges":"none","transfer-encoding":"chunked"}
[debug] [2020-10-09T06:54:13.240Z] >>> HTTP REQUEST POST https://cloudresourcemanager.googleapis.com/v1/projects/dhruvmehta-4a574:testIamPermissions  
 {"permissions":["firebase.projects.get","firebasehosting.sites.update"]}
[debug] [2020-10-09T06:54:15.140Z] <<< HTTP RESPONSE 200 {"content-type":"application/json; charset=UTF-8","vary":"X-Origin, Referer, Origin,Accept-Encoding","date":"Fri, 09 Oct 2020 06:54:15 GMT","server":"ESF","cache-control":"private","x-xss-protection":"0","x-frame-options":"SAMEORIGIN","x-content-type-options":"nosniff","server-timing":"gfet4t7; dur=1352","alt-svc":"h3-Q050=\":443\"; ma=2592000,h3-29=\":443\"; ma=2592000,h3-27=\":443\"; ma=2592000,h3-T051=\":443\"; ma=2592000,h3-T050=\":443\"; ma=2592000,h3-Q046=\":443\"; ma=2592000,h3-Q043=\":443\"; ma=2592000,quic=\":443\"; ma=2592000; v=\"46,43\"","accept-ranges":"none","transfer-encoding":"chunked"}
[debug] [2020-10-09T06:54:15.144Z] >>> HTTP REQUEST GET https://firebase.googleapis.com/v1beta1/projects/dhruvmehta-4a574  
 
[debug] [2020-10-09T06:54:15.652Z] <<< HTTP RESPONSE 200 {"content-type":"application/json; charset=UTF-8","vary":"X-Origin, Referer, Origin,Accept-Encoding","date":"Fri, 09 Oct 2020 06:54:15 GMT","server":"ESF","cache-control":"private","x-xss-protection":"0","x-frame-options":"SAMEORIGIN","x-content-type-options":"nosniff","alt-svc":"h3-Q050=\":443\"; ma=2592000,h3-29=\":443\"; ma=2592000,h3-27=\":443\"; ma=2592000,h3-T051=\":443\"; ma=2592000,h3-T050=\":443\"; ma=2592000,h3-Q046=\":443\"; ma=2592000,h3-Q043=\":443\"; ma=2592000,quic=\":443\"; ma=2592000; v=\"46,43\"","accept-ranges":"none","transfer-encoding":"chunked"}
[info] 
[info] === Deploying to 'dhruvmehta-4a574'...
[info] 
[info] i  deploying hosting 
[debug] [2020-10-09T06:54:15.668Z] >>> HTTP REQUEST POST https://firebasehosting.googleapis.com/v1beta1/sites/dhruvmehta-4a574/versions  
 {"config":{"rewrites":[{"glob":"**","path":"/index.html"}]},"labels":{"deployment-tool":"cli-firebase"}}
[debug] [2020-10-09T06:54:18.007Z] <<< HTTP RESPONSE 200 {"content-type":"application/json; charset=UTF-8","vary":"X-Origin, Referer, Origin,Accept-Encoding","date":"Fri, 09 Oct 2020 06:54:18 GMT","server":"ESF","cache-control":"private","x-xss-protection":"0","x-frame-options":"SAMEORIGIN","x-content-type-options":"nosniff","alt-svc":"h3-Q050=\":443\"; ma=2592000,h3-29=\":443\"; ma=2592000,h3-27=\":443\"; ma=2592000,h3-T051=\":443\"; ma=2592000,h3-T050=\":443\"; ma=2592000,h3-Q046=\":443\"; ma=2592000,h3-Q043=\":443\"; ma=2592000,quic=\":443\"; ma=2592000; v=\"46,43\"","accept-ranges":"none","transfer-encoding":"chunked"}
[info] i  hosting[dhruvmehta-4a574]: beginning deploy... 
[info] i  hosting[dhruvmehta-4a574]: found 60 files in build 
[debug] [2020-10-09T06:54:21.139Z] [hosting] hash cache [YnVpbGQ] stored for 60 files
[debug] [2020-10-09T06:54:21.139Z] [hosting][hash queue][FINAL] {"max":2937,"min":45,"avg":207.61666666666673,"active":0,"complete":60,"success":60,"errored":0,"retried":0,"total":60,"elapsed":3052}
[debug] [2020-10-09T06:54:21.140Z] >>> HTTP REQUEST POST https://firebasehosting.googleapis.com/v1beta1/sites/dhruvmehta-4a574/versions/13175ffbbbf4d8cb:populateFiles  
 <request body omitted>
[debug] [2020-10-09T06:54:23.065Z] <<< HTTP RESPONSE 200 {"content-type":"application/json; charset=UTF-8","vary":"X-Origin, Referer, Origin,Accept-Encoding","date":"Fri, 09 Oct 2020 06:54:23 GMT","server":"ESF","cache-control":"private","x-xss-protection":"0","x-frame-options":"SAMEORIGIN","x-content-type-options":"nosniff","alt-svc":"h3-Q050=\":443\"; ma=2592000,h3-29=\":443\"; ma=2592000,h3-27=\":443\"; ma=2592000,h3-T051=\":443\"; ma=2592000,h3-T050=\":443\"; ma=2592000,h3-Q046=\":443\"; ma=2592000,h3-Q043=\":443\"; ma=2592000,quic=\":443\"; ma=2592000; v=\"46,43\"","accept-ranges":"none","transfer-encoding":"chunked"}
[debug] [2020-10-09T06:54:23.085Z] [hosting][populate queue][FINAL] {"max":1932,"min":1932,"avg":1932,"active":0,"complete":1,"success":1,"errored":0,"retried":0,"total":1,"elapsed":1950}
[debug] [2020-10-09T06:54:23.085Z] [hosting] uploads queued: 6
[debug] [2020-10-09T06:54:25.183Z] [hosting][upload queue][FINAL] {"max":2116,"min":2109,"avg":2112.1666666666665,"active":0,"complete":6,"success":6,"errored":0,"retried":0,"total":6,"elapsed":2117}
[info] +  hosting[dhruvmehta-4a574]: file upload complete 
[debug] [2020-10-09T06:54:25.186Z] [hosting] deploy completed after 7175ms
[debug] [2020-10-09T06:54:25.482Z] [
  {
    "config": {
      "public": "build",
      "ignore": [
        "firebase.json",
        "**/.*",
        "**/node_modules/**"
      ],
      "rewrites": [
        {
          "source": "**",
          "destination": "/index.html"
        }
      ],
      "site": "dhruvmehta-4a574"
    },
    "site": "dhruvmehta-4a574",
    "version": "sites/dhruvmehta-4a574/versions/13175ffbbbf4d8cb"
  }
]
[info] i  hosting[dhruvmehta-4a574]: finalizing version... 
[debug] [2020-10-09T06:54:25.486Z] >>> HTTP REQUEST PATCH https://firebasehosting.googleapis.com/v1beta1/sites/dhruvmehta-4a574/versions/13175ffbbbf4d8cb?updateMask=status  
 {"status":"FINALIZED"}
